<?xml version="1.0" encoding="UTF-8"?>
<coverage generated="1694260829089" clover="3.2.0">
  <project timestamp="1694260829089" name="All files">
    <metrics statements="241" coveredstatements="241" conditionals="70" coveredconditionals="70" methods="79" coveredmethods="79" elements="390" coveredelements="390" complexity="0" loc="241" ncloc="241" packages="3" files="7" classes="7"/>
    <package name="src">
      <metrics statements="11" coveredstatements="11" conditionals="0" coveredconditionals="0" methods="0" coveredmethods="0"/>
      <file name="index.ts" path="/Volumes/apps/github/progress-bar/src/index.ts">
        <metrics statements="11" coveredstatements="11" conditionals="0" coveredconditionals="0" methods="0" coveredmethods="0"/>
        <line num="1" count="5" type="stmt"/>
        <line num="2" count="5" type="stmt"/>
        <line num="3" count="5" type="stmt"/>
        <line num="4" count="5" type="stmt"/>
        <line num="5" count="5" type="stmt"/>
        <line num="6" count="5" type="stmt"/>
        <line num="8" count="5" type="stmt"/>
        <line num="9" count="5" type="stmt"/>
        <line num="10" count="5" type="stmt"/>
        <line num="11" count="5" type="stmt"/>
        <line num="12" count="5" type="stmt"/>
      </file>
    </package>
    <package name="src.lib">
      <metrics statements="197" coveredstatements="197" conditionals="65" coveredconditionals="65" methods="71" coveredmethods="71"/>
      <file name="bar-item.ts" path="/Volumes/apps/github/progress-bar/src/lib/bar-item.ts">
        <metrics statements="72" coveredstatements="72" conditionals="29" coveredconditionals="29" methods="29" coveredmethods="29"/>
        <line num="20" count="5" type="stmt"/>
        <line num="23" count="19" type="stmt"/>
        <line num="34" count="19" type="cond" truecount="2" falsecount="0"/>
        <line num="35" count="19" type="cond" truecount="2" falsecount="0"/>
        <line num="36" count="19" type="stmt"/>
        <line num="37" count="19" type="cond" truecount="2" falsecount="0"/>
        <line num="38" count="19" type="stmt"/>
        <line num="39" count="48" type="cond" truecount="2" falsecount="0"/>
        <line num="40" count="19" type="stmt"/>
        <line num="41" count="4" type="stmt"/>
        <line num="42" count="21" type="stmt"/>
        <line num="43" count="25" type="stmt"/>
        <line num="44" count="23" type="stmt"/>
        <line num="45" count="26" type="stmt"/>
        <line num="46" count="23" type="stmt"/>
        <line num="47" count="23" type="stmt"/>
        <line num="48" count="23" type="stmt"/>
        <line num="54" count="19" type="stmt"/>
        <line num="58" count="25" type="stmt"/>
        <line num="59" count="25" type="stmt"/>
        <line num="60" count="172" type="stmt"/>
        <line num="61" count="172" type="cond" truecount="2" falsecount="0"/>
        <line num="62" count="172" type="cond" truecount="1" falsecount="0"/>
        <line num="63" count="171" type="stmt"/>
        <line num="64" count="171" type="stmt"/>
        <line num="65" count="171" type="cond" truecount="1" falsecount="0"/>
        <line num="66" count="1" type="stmt"/>
        <line num="68" count="170" type="cond" truecount="1" falsecount="0"/>
        <line num="69" count="1" type="stmt"/>
        <line num="71" count="169" type="stmt"/>
        <line num="76" count="25" type="stmt"/>
        <line num="77" count="25" type="stmt"/>
        <line num="78" count="170" type="cond" truecount="2" falsecount="0"/>
        <line num="79" count="170" type="stmt"/>
        <line num="80" count="170" type="cond" truecount="1" falsecount="0"/>
        <line num="81" count="1" type="stmt"/>
        <line num="83" count="169" type="stmt"/>
        <line num="88" count="13" type="cond" truecount="1" falsecount="0"/>
        <line num="89" count="2" type="stmt"/>
        <line num="90" count="6" type="stmt"/>
        <line num="92" count="6" type="stmt"/>
        <line num="94" count="6" type="stmt"/>
        <line num="96" count="6" type="stmt"/>
        <line num="98" count="6" type="stmt"/>
        <line num="101" count="11" type="stmt"/>
        <line num="105" count="21" type="stmt"/>
        <line num="106" count="21" type="stmt"/>
        <line num="107" count="21" type="stmt"/>
        <line num="112" count="4" type="stmt"/>
        <line num="113" count="4" type="stmt"/>
        <line num="115" count="4" type="stmt"/>
        <line num="116" count="10" type="stmt"/>
        <line num="121" count="8" type="stmt"/>
        <line num="123" count="10" type="stmt"/>
        <line num="124" count="10" type="cond" truecount="1" falsecount="0"/>
        <line num="125" count="8" type="stmt"/>
        <line num="126" count="8" type="stmt"/>
        <line num="127" count="8" type="cond" truecount="2" falsecount="0"/>
        <line num="128" count="8" type="cond" truecount="1" falsecount="0"/>
        <line num="129" count="6" type="stmt"/>
        <line num="131" count="8" type="stmt"/>
        <line num="133" count="10" type="stmt"/>
        <line num="136" count="4" type="cond" truecount="1" falsecount="0"/>
        <line num="137" count="4" type="stmt"/>
        <line num="139" count="4" type="stmt"/>
        <line num="143" count="29" type="stmt"/>
        <line num="149" count="19" type="stmt"/>
        <line num="150" count="171" type="stmt"/>
        <line num="151" count="171" type="cond" truecount="2" falsecount="0"/>
        <line num="152" count="171" type="cond" truecount="4" falsecount="0"/>
        <line num="153" count="171" type="cond" truecount="1" falsecount="0"/>
        <line num="154" count="170" type="stmt"/>
      </file>
      <file name="bar.ts" path="/Volumes/apps/github/progress-bar/src/lib/bar.ts">
        <metrics statements="39" coveredstatements="39" conditionals="5" coveredconditionals="5" methods="19" coveredmethods="19"/>
        <line num="1" count="5" type="stmt"/>
        <line num="11" count="5" type="stmt"/>
        <line num="12" count="7" type="stmt"/>
        <line num="13" count="7" type="stmt"/>
        <line num="14" count="7" type="stmt"/>
        <line num="18" count="7" type="cond" truecount="1" falsecount="0"/>
        <line num="19" count="7" type="stmt"/>
        <line num="21" count="7" type="stmt"/>
        <line num="28" count="8" type="stmt"/>
        <line num="29" count="8" type="cond" truecount="1" falsecount="0"/>
        <line num="30" count="1" type="stmt"/>
        <line num="32" count="8" type="stmt"/>
        <line num="36" count="1" type="stmt"/>
        <line num="37" count="2" type="stmt"/>
        <line num="39" count="1" type="stmt"/>
        <line num="43" count="13" type="stmt"/>
        <line num="44" count="16" type="stmt"/>
        <line num="46" count="13" type="stmt"/>
        <line num="50" count="1" type="stmt"/>
        <line num="51" count="1" type="stmt"/>
        <line num="52" count="1" type="stmt"/>
        <line num="56" count="6" type="stmt"/>
        <line num="57" count="7" type="stmt"/>
        <line num="58" count="6" type="stmt"/>
        <line num="62" count="7" type="stmt"/>
        <line num="63" count="6" type="stmt"/>
        <line num="64" count="6" type="stmt"/>
        <line num="65" count="6" type="stmt"/>
        <line num="69" count="8" type="stmt"/>
        <line num="70" count="8" type="stmt"/>
        <line num="75" count="7" type="stmt"/>
        <line num="76" count="7" type="stmt"/>
        <line num="80" count="7" type="stmt"/>
        <line num="81" count="9" type="cond" truecount="3" falsecount="0"/>
        <line num="82" count="2" type="stmt"/>
        <line num="84" count="7" type="stmt"/>
        <line num="85" count="7" type="stmt"/>
        <line num="86" count="7" type="stmt"/>
        <line num="87" count="7" type="stmt"/>
      </file>
      <file name="eta.ts" path="/Volumes/apps/github/progress-bar/src/lib/eta.ts">
        <metrics statements="56" coveredstatements="56" conditionals="20" coveredconditionals="20" methods="12" coveredmethods="12"/>
        <line num="3" count="5" type="stmt"/>
        <line num="27" count="5" type="stmt"/>
        <line num="32" count="54" type="stmt"/>
        <line num="39" count="54" type="stmt"/>
        <line num="43" count="54" type="stmt"/>
        <line num="47" count="63" type="stmt"/>
        <line num="48" count="63" type="stmt"/>
        <line num="49" count="63" type="stmt"/>
        <line num="50" count="63" type="stmt"/>
        <line num="51" count="63" type="stmt"/>
        <line num="52" count="63" type="stmt"/>
        <line num="53" count="63" type="stmt"/>
        <line num="54" count="63" type="stmt"/>
        <line num="58" count="64" type="stmt"/>
        <line num="59" count="64" type="stmt"/>
        <line num="60" count="64" type="stmt"/>
        <line num="64" count="64" type="cond" truecount="1" falsecount="0"/>
        <line num="65" count="31" type="stmt"/>
        <line num="67" count="64" type="stmt"/>
        <line num="68" count="64" type="stmt"/>
        <line num="72" count="59" type="cond" truecount="1" falsecount="0"/>
        <line num="73" count="43" type="stmt"/>
        <line num="74" count="43" type="stmt"/>
        <line num="78" count="105" type="cond" truecount="1" falsecount="0"/>
        <line num="79" count="87" type="stmt"/>
        <line num="83" count="63" type="stmt"/>
        <line num="84" count="63" type="stmt"/>
        <line num="88" count="43" type="stmt"/>
        <line num="89" count="43" type="cond" truecount="3" falsecount="0"/>
        <line num="90" count="13" type="stmt"/>
        <line num="92" count="43" type="stmt"/>
        <line num="96" count="127" type="cond" truecount="3" falsecount="0"/>
        <line num="97" count="21" type="stmt"/>
        <line num="99" count="106" type="stmt"/>
        <line num="103" count="64" type="stmt"/>
        <line num="104" count="64" type="stmt"/>
        <line num="105" count="64" type="stmt"/>
        <line num="106" count="87" type="stmt"/>
        <line num="107" count="87" type="stmt"/>
        <line num="108" count="87" type="stmt"/>
        <line num="110" count="64" type="stmt"/>
        <line num="111" count="64" type="cond" truecount="2" falsecount="0"/>
        <line num="112" count="64" type="stmt"/>
        <line num="113" count="64" type="stmt"/>
        <line num="114" count="64" type="cond" truecount="4" falsecount="0"/>
        <line num="115" count="29" type="stmt"/>
        <line num="121" count="64" type="stmt"/>
        <line num="123" count="64" type="cond" truecount="3" falsecount="0"/>
        <line num="124" count="33" type="stmt"/>
        <line num="126" count="31" type="stmt"/>
        <line num="127" count="31" type="stmt"/>
        <line num="128" count="31" type="cond" truecount="1" falsecount="0"/>
        <line num="129" count="13" type="stmt"/>
        <line num="131" count="31" type="stmt"/>
        <line num="135" count="124" type="stmt"/>
        <line num="136" count="124" type="stmt"/>
      </file>
      <file name="presets.ts" path="/Volumes/apps/github/progress-bar/src/lib/presets.ts">
        <metrics statements="1" coveredstatements="1" conditionals="0" coveredconditionals="0" methods="0" coveredmethods="0"/>
        <line num="1" count="5" type="stmt"/>
      </file>
      <file name="progress.ts" path="/Volumes/apps/github/progress-bar/src/lib/progress.ts">
        <metrics statements="29" coveredstatements="29" conditionals="11" coveredconditionals="11" methods="11" coveredmethods="11"/>
        <line num="1" count="5" type="stmt"/>
        <line num="4" count="5" type="stmt"/>
        <line num="13" count="5" type="stmt"/>
        <line num="14" count="37" type="stmt"/>
        <line num="22" count="37" type="stmt"/>
        <line num="23" count="37" type="cond" truecount="2" falsecount="0"/>
        <line num="24" count="37" type="stmt"/>
        <line num="25" count="37" type="cond" truecount="2" falsecount="0"/>
        <line num="26" count="37" type="stmt"/>
        <line num="30" count="25" type="stmt"/>
        <line num="34" count="2" type="stmt"/>
        <line num="35" count="2" type="stmt"/>
        <line num="36" count="2" type="stmt"/>
        <line num="37" count="2" type="stmt"/>
        <line num="41" count="9" type="stmt"/>
        <line num="42" count="9" type="stmt"/>
        <line num="46" count="25" type="stmt"/>
        <line num="57" count="25" type="stmt"/>
        <line num="58" count="25" type="stmt"/>
        <line num="59" count="25" type="stmt"/>
        <line num="60" count="25" type="cond" truecount="2" falsecount="0"/>
        <line num="61" count="25" type="stmt"/>
        <line num="65" count="24" type="stmt"/>
        <line num="69" count="29" type="stmt"/>
        <line num="73" count="181" type="stmt"/>
        <line num="77" count="59" type="stmt"/>
        <line num="78" count="59" type="cond" truecount="2" falsecount="0"/>
        <line num="82" count="13" type="stmt"/>
        <line num="86" count="72" type="stmt"/>
      </file>
    </package>
    <package name="src.lib.terminals">
      <metrics statements="33" coveredstatements="33" conditionals="5" coveredconditionals="5" methods="8" coveredmethods="8"/>
      <file name="terminal-tty.ts" path="/Volumes/apps/github/progress-bar/src/lib/terminals/terminal-tty.ts">
        <metrics statements="33" coveredstatements="33" conditionals="5" coveredconditionals="5" methods="8" coveredmethods="8"/>
        <line num="1" count="5" type="stmt"/>
        <line num="5" count="5" type="stmt"/>
        <line num="6" count="5" type="stmt"/>
        <line num="7" count="5" type="stmt"/>
        <line num="10" count="5" type="cond" truecount="1" falsecount="0"/>
        <line num="12" count="5" type="stmt"/>
        <line num="13" count="1" type="stmt"/>
        <line num="14" count="1" type="stmt"/>
        <line num="19" count="6" type="cond" truecount="2" falsecount="0"/>
        <line num="20" count="3" type="stmt"/>
        <line num="22" count="3" type="stmt"/>
        <line num="27" count="4" type="stmt"/>
        <line num="28" count="4" type="stmt"/>
        <line num="32" count="3" type="stmt"/>
        <line num="33" count="3" type="stmt"/>
        <line num="34" count="3" type="stmt"/>
        <line num="35" count="3" type="stmt"/>
        <line num="36" count="3" type="stmt"/>
        <line num="37" count="23" type="cond" truecount="1" falsecount="0"/>
        <line num="38" count="11" type="stmt"/>
        <line num="40" count="12" type="stmt"/>
        <line num="41" count="12" type="stmt"/>
        <line num="42" count="12" type="cond" truecount="1" falsecount="0"/>
        <line num="43" count="9" type="stmt"/>
        <line num="46" count="3" type="stmt"/>
        <line num="47" count="3" type="stmt"/>
        <line num="48" count="3" type="stmt"/>
        <line num="49" count="3" type="stmt"/>
        <line num="53" count="1" type="stmt"/>
        <line num="54" count="1" type="stmt"/>
        <line num="55" count="1" type="stmt"/>
        <line num="56" count="1" type="stmt"/>
        <line num="60" count="1" type="stmt"/>
      </file>
    </package>
  </project>
</coverage>
