{"/Volumes/apps/github/progress-bar/src/index.ts": {"path":"/Volumes/apps/github/progress-bar/src/index.ts","statementMap":{"0":{"start":{"line":1,"column":0},"end":{"line":1,"column":26}},"1":{"start":{"line":2,"column":0},"end":{"line":2,"column":31}},"2":{"start":{"line":3,"column":0},"end":{"line":3,"column":26}},"3":{"start":{"line":4,"column":0},"end":{"line":4,"column":30}},"4":{"start":{"line":5,"column":0},"end":{"line":5,"column":31}},"5":{"start":{"line":6,"column":0},"end":{"line":6,"column":45}},"6":{"start":{"line":8,"column":0},"end":{"line":8,"column":52}},"7":{"start":{"line":9,"column":0},"end":{"line":9,"column":55}},"8":{"start":{"line":10,"column":0},"end":{"line":10,"column":47}},"9":{"start":{"line":11,"column":0},"end":{"line":11,"column":52}},"10":{"start":{"line":12,"column":0},"end":{"line":12,"column":52}}},"fnMap":{},"branchMap":{},"s":{"0":5,"1":5,"2":5,"3":5,"4":5,"5":5,"6":5,"7":5,"8":5,"9":5,"10":5},"f":{},"b":{}}
,"/Volumes/apps/github/progress-bar/src/lib/bar-item.ts": {"path":"/Volumes/apps/github/progress-bar/src/lib/bar-item.ts","statementMap":{"0":{"start":{"line":23,"column":12},"end":{"line":28,"column":4}},"1":{"start":{"line":149,"column":12},"end":{"line":155,"column":4}},"2":{"start":{"line":150,"column":20},"end":{"line":150,"column":37}},"3":{"start":{"line":151,"column":16},"end":{"line":151,"column":36}},"4":{"start":{"line":152,"column":4},"end":{"line":152,"column":113}},"5":{"start":{"line":153,"column":4},"end":{"line":153,"column":37}},"6":{"start":{"line":153,"column":24},"end":{"line":153,"column":37}},"7":{"start":{"line":154,"column":4},"end":{"line":154,"column":17}},"8":{"start":{"line":34,"column":4},"end":{"line":34,"column":76}},"9":{"start":{"line":35,"column":4},"end":{"line":35,"column":81}},"10":{"start":{"line":36,"column":4},"end":{"line":36,"column":59}},"11":{"start":{"line":37,"column":4},"end":{"line":37,"column":47}},"12":{"start":{"line":38,"column":25},"end":{"line":39,"column":56}},"13":{"start":{"line":39,"column":7},"end":{"line":39,"column":56}},"14":{"start":{"line":40,"column":4},"end":{"line":50,"column":null}},"15":{"start":{"line":41,"column":38},"end":{"line":41,"column":65}},"16":{"start":{"line":42,"column":25},"end":{"line":42,"column":57}},"17":{"start":{"line":43,"column":27},"end":{"line":43,"column":86}},"18":{"start":{"line":44,"column":25},"end":{"line":44,"column":72}},"19":{"start":{"line":45,"column":27},"end":{"line":45,"column":57}},"20":{"start":{"line":46,"column":27},"end":{"line":46,"column":57}},"21":{"start":{"line":47,"column":32},"end":{"line":47,"column":78}},"22":{"start":{"line":48,"column":30},"end":{"line":48,"column":88}},"23":{"start":{"line":54,"column":4},"end":{"line":54,"column":27}},"24":{"start":{"line":58,"column":17},"end":{"line":58,"column":66}},"25":{"start":{"line":59,"column":4},"end":{"line":72,"column":7}},"26":{"start":{"line":60,"column":30},"end":{"line":60,"column":55}},"27":{"start":{"line":61,"column":20},"end":{"line":61,"column":93}},"28":{"start":{"line":61,"column":57},"end":{"line":61,"column":75}},"29":{"start":{"line":62,"column":6},"end":{"line":62,"column":34}},"30":{"start":{"line":62,"column":21},"end":{"line":62,"column":34}},"31":{"start":{"line":63,"column":23},"end":{"line":63,"column":45}},"32":{"start":{"line":64,"column":20},"end":{"line":64,"column":57}},"33":{"start":{"line":65,"column":6},"end":{"line":67,"column":null}},"34":{"start":{"line":66,"column":8},"end":{"line":66,"column":21}},"35":{"start":{"line":68,"column":6},"end":{"line":70,"column":null}},"36":{"start":{"line":69,"column":8},"end":{"line":69,"column":71}},"37":{"start":{"line":71,"column":6},"end":{"line":71,"column":19}},"38":{"start":{"line":76,"column":16},"end":{"line":76,"column":25}},"39":{"start":{"line":77,"column":4},"end":{"line":84,"column":null}},"40":{"start":{"line":78,"column":20},"end":{"line":78,"column":37}},"41":{"start":{"line":79,"column":6},"end":{"line":79,"column":30}},"42":{"start":{"line":80,"column":6},"end":{"line":82,"column":null}},"43":{"start":{"line":81,"column":8},"end":{"line":81,"column":18}},"44":{"start":{"line":83,"column":6},"end":{"line":83,"column":19}},"45":{"start":{"line":88,"column":4},"end":{"line":100,"column":null}},"46":{"start":{"line":89,"column":6},"end":{"line":99,"column":9}},"47":{"start":{"line":90,"column":29},"end":{"line":90,"column":43}},"48":{"start":{"line":92,"column":29},"end":{"line":92,"column":36}},"49":{"start":{"line":94,"column":29},"end":{"line":94,"column":38}},"50":{"start":{"line":96,"column":29},"end":{"line":96,"column":41}},"51":{"start":{"line":98,"column":29},"end":{"line":98,"column":46}},"52":{"start":{"line":101,"column":4},"end":{"line":101,"column":97}},"53":{"start":{"line":105,"column":18},"end":{"line":105,"column":59}},"54":{"start":{"line":106,"column":18},"end":{"line":106,"column":40}},"55":{"start":{"line":107,"column":4},"end":{"line":107,"column":60}},"56":{"start":{"line":112,"column":40},"end":{"line":112,"column":52}},"57":{"start":{"line":113,"column":18},"end":{"line":113,"column":20}},"58":{"start":{"line":115,"column":23},"end":{"line":134,"column":21}},"59":{"start":{"line":116,"column":29},"end":{"line":120,"column":8}},"60":{"start":{"line":121,"column":22},"end":{"line":121,"column":48}},"61":{"start":{"line":123,"column":23},"end":{"line":123,"column":47}},"62":{"start":{"line":124,"column":8},"end":{"line":132,"column":null}},"63":{"start":{"line":125,"column":21},"end":{"line":125,"column":50}},"64":{"start":{"line":126,"column":23},"end":{"line":126,"column":35}},"65":{"start":{"line":127,"column":28},"end":{"line":127,"column":93}},"66":{"start":{"line":128,"column":10},"end":{"line":130,"column":null}},"67":{"start":{"line":129,"column":12},"end":{"line":129,"column":61}},"68":{"start":{"line":131,"column":10},"end":{"line":131,"column":27}},"69":{"start":{"line":133,"column":8},"end":{"line":133,"column":23}},"70":{"start":{"line":136,"column":4},"end":{"line":138,"column":null}},"71":{"start":{"line":137,"column":6},"end":{"line":137,"column":61}},"72":{"start":{"line":139,"column":4},"end":{"line":139,"column":28}},"73":{"start":{"line":143,"column":4},"end":{"line":146,"column":null}},"74":{"start":{"line":20,"column":0},"end":{"line":20,"column":13}}},"fnMap":{"0":{"name":"(anonymous_0)","decl":{"start":{"line":33,"column":2},"end":{"line":33,"column":21}},"loc":{"start":{"line":33,"column":74},"end":{"line":51,"column":3}}},"1":{"name":"(anonymous_1)","decl":{"start":{"line":149,"column":27},"end":{"line":149,"column":28}},"loc":{"start":{"line":149,"column":75},"end":{"line":155,"column":3}}},"2":{"name":"(anonymous_2)","decl":{"start":{"line":38,"column":25},"end":{"line":38,"column":26}},"loc":{"start":{"line":39,"column":7},"end":{"line":39,"column":56}}},"3":{"name":"(anonymous_3)","decl":{"start":{"line":41,"column":12},"end":{"line":41,"column":13}},"loc":{"start":{"line":41,"column":38},"end":{"line":41,"column":65}}},"4":{"name":"(anonymous_4)","decl":{"start":{"line":42,"column":11},"end":{"line":42,"column":12}},"loc":{"start":{"line":42,"column":25},"end":{"line":42,"column":57}}},"5":{"name":"(anonymous_5)","decl":{"start":{"line":43,"column":13},"end":{"line":43,"column":14}},"loc":{"start":{"line":43,"column":27},"end":{"line":43,"column":86}}},"6":{"name":"(anonymous_6)","decl":{"start":{"line":44,"column":11},"end":{"line":44,"column":12}},"loc":{"start":{"line":44,"column":25},"end":{"line":44,"column":72}}},"7":{"name":"(anonymous_7)","decl":{"start":{"line":45,"column":13},"end":{"line":45,"column":14}},"loc":{"start":{"line":45,"column":27},"end":{"line":45,"column":57}}},"8":{"name":"(anonymous_8)","decl":{"start":{"line":46,"column":13},"end":{"line":46,"column":14}},"loc":{"start":{"line":46,"column":27},"end":{"line":46,"column":57}}},"9":{"name":"(anonymous_9)","decl":{"start":{"line":47,"column":18},"end":{"line":47,"column":19}},"loc":{"start":{"line":47,"column":32},"end":{"line":47,"column":78}}},"10":{"name":"(anonymous_10)","decl":{"start":{"line":48,"column":16},"end":{"line":48,"column":17}},"loc":{"start":{"line":48,"column":30},"end":{"line":48,"column":88}}},"11":{"name":"(anonymous_11)","decl":{"start":{"line":53,"column":9},"end":{"line":53,"column":22}},"loc":{"start":{"line":53,"column":22},"end":{"line":55,"column":3}}},"12":{"name":"(anonymous_12)","decl":{"start":{"line":57,"column":9},"end":{"line":57,"column":15}},"loc":{"start":{"line":57,"column":15},"end":{"line":73,"column":3}}},"13":{"name":"(anonymous_13)","decl":{"start":{"line":59,"column":48},"end":{"line":59,"column":49}},"loc":{"start":{"line":59,"column":64},"end":{"line":72,"column":5}}},"14":{"name":"(anonymous_14)","decl":{"start":{"line":61,"column":52},"end":{"line":61,"column":53}},"loc":{"start":{"line":61,"column":57},"end":{"line":61,"column":75}}},"15":{"name":"(anonymous_15)","decl":{"start":{"line":75,"column":12},"end":{"line":75,"column":32}},"loc":{"start":{"line":75,"column":36},"end":{"line":85,"column":3}}},"16":{"name":"(anonymous_16)","decl":{"start":{"line":77,"column":11},"end":{"line":77,"column":12}},"loc":{"start":{"line":77,"column":19},"end":{"line":84,"column":5}}},"17":{"name":"(anonymous_17)","decl":{"start":{"line":87,"column":12},"end":{"line":87,"column":30}},"loc":{"start":{"line":87,"column":41},"end":{"line":102,"column":3}}},"18":{"name":"(anonymous_18)","decl":{"start":{"line":90,"column":23},"end":{"line":90,"column":26}},"loc":{"start":{"line":90,"column":29},"end":{"line":90,"column":43}}},"19":{"name":"(anonymous_19)","decl":{"start":{"line":92,"column":23},"end":{"line":92,"column":26}},"loc":{"start":{"line":92,"column":29},"end":{"line":92,"column":36}}},"20":{"name":"(anonymous_20)","decl":{"start":{"line":94,"column":23},"end":{"line":94,"column":26}},"loc":{"start":{"line":94,"column":29},"end":{"line":94,"column":38}}},"21":{"name":"(anonymous_21)","decl":{"start":{"line":96,"column":23},"end":{"line":96,"column":26}},"loc":{"start":{"line":96,"column":29},"end":{"line":96,"column":41}}},"22":{"name":"(anonymous_22)","decl":{"start":{"line":98,"column":23},"end":{"line":98,"column":26}},"loc":{"start":{"line":98,"column":29},"end":{"line":98,"column":46}}},"23":{"name":"(anonymous_23)","decl":{"start":{"line":104,"column":12},"end":{"line":104,"column":15}},"loc":{"start":{"line":104,"column":32},"end":{"line":108,"column":3}}},"24":{"name":"(anonymous_24)","decl":{"start":{"line":111,"column":12},"end":{"line":111,"column":22}},"loc":{"start":{"line":111,"column":46},"end":{"line":140,"column":3}}},"25":{"name":"(anonymous_25)","decl":{"start":{"line":116,"column":11},"end":{"line":116,"column":12}},"loc":{"start":{"line":116,"column":29},"end":{"line":120,"column":8}}},"26":{"name":"(anonymous_26)","decl":{"start":{"line":121,"column":12},"end":{"line":121,"column":13}},"loc":{"start":{"line":121,"column":22},"end":{"line":121,"column":48}}},"27":{"name":"(anonymous_27)","decl":{"start":{"line":122,"column":14},"end":{"line":122,"column":15}},"loc":{"start":{"line":122,"column":32},"end":{"line":134,"column":7}}},"28":{"name":"(anonymous_28)","decl":{"start":{"line":142,"column":12},"end":{"line":142,"column":23}},"loc":{"start":{"line":142,"column":36},"end":{"line":147,"column":3}}}},"branchMap":{"0":{"loc":{"start":{"line":151,"column":16},"end":{"line":151,"column":36}},"type":"binary-expr","locations":[{"start":{"line":151,"column":16},"end":{"line":151,"column":28}},{"start":{"line":151,"column":32},"end":{"line":151,"column":36}}]},"1":{"loc":{"start":{"line":152,"column":12},"end":{"line":152,"column":112}},"type":"cond-expr","locations":[{"start":{"line":152,"column":58},"end":{"line":152,"column":104}},{"start":{"line":152,"column":107},"end":{"line":152,"column":112}}]},"2":{"loc":{"start":{"line":152,"column":13},"end":{"line":152,"column":54}},"type":"binary-expr","locations":[{"start":{"line":152,"column":13},"end":{"line":152,"column":27}},{"start":{"line":152,"column":31},"end":{"line":152,"column":54}}]},"3":{"loc":{"start":{"line":153,"column":4},"end":{"line":153,"column":37}},"type":"if","locations":[{"start":{"line":153,"column":4},"end":{"line":153,"column":37}}]},"4":{"loc":{"start":{"line":34,"column":22},"end":{"line":34,"column":75}},"type":"cond-expr","locations":[{"start":{"line":34,"column":50},"end":{"line":34,"column":60}},{"start":{"line":34,"column":63},"end":{"line":34,"column":75}}]},"5":{"loc":{"start":{"line":35,"column":20},"end":{"line":35,"column":80}},"type":"binary-expr","locations":[{"start":{"line":35,"column":20},"end":{"line":35,"column":36}},{"start":{"line":35,"column":40},"end":{"line":35,"column":80}}]},"6":{"loc":{"start":{"line":37,"column":22},"end":{"line":37,"column":46}},"type":"binary-expr","locations":[{"start":{"line":37,"column":22},"end":{"line":37,"column":40}},{"start":{"line":37,"column":44},"end":{"line":37,"column":46}}]},"7":{"loc":{"start":{"line":39,"column":7},"end":{"line":39,"column":56}},"type":"cond-expr","locations":[{"start":{"line":39,"column":27},"end":{"line":39,"column":41}},{"start":{"line":39,"column":44},"end":{"line":39,"column":56}}]},"8":{"loc":{"start":{"line":61,"column":20},"end":{"line":61,"column":93}},"type":"cond-expr","locations":[{"start":{"line":61,"column":26},"end":{"line":61,"column":76}},{"start":{"line":61,"column":79},"end":{"line":61,"column":93}}]},"9":{"loc":{"start":{"line":62,"column":6},"end":{"line":62,"column":34}},"type":"if","locations":[{"start":{"line":62,"column":6},"end":{"line":62,"column":34}}]},"10":{"loc":{"start":{"line":65,"column":6},"end":{"line":67,"column":null}},"type":"if","locations":[{"start":{"line":65,"column":6},"end":{"line":67,"column":null}}]},"11":{"loc":{"start":{"line":68,"column":6},"end":{"line":70,"column":null}},"type":"if","locations":[{"start":{"line":68,"column":6},"end":{"line":70,"column":null}}]},"12":{"loc":{"start":{"line":78,"column":20},"end":{"line":78,"column":37}},"type":"binary-expr","locations":[{"start":{"line":78,"column":20},"end":{"line":78,"column":32}},{"start":{"line":78,"column":36},"end":{"line":78,"column":37}}]},"13":{"loc":{"start":{"line":80,"column":6},"end":{"line":82,"column":null}},"type":"if","locations":[{"start":{"line":80,"column":6},"end":{"line":82,"column":null}}]},"14":{"loc":{"start":{"line":88,"column":4},"end":{"line":100,"column":null}},"type":"if","locations":[{"start":{"line":88,"column":4},"end":{"line":100,"column":null}}]},"15":{"loc":{"start":{"line":124,"column":8},"end":{"line":132,"column":null}},"type":"if","locations":[{"start":{"line":124,"column":8},"end":{"line":132,"column":null}}]},"16":{"loc":{"start":{"line":127,"column":28},"end":{"line":127,"column":93}},"type":"binary-expr","locations":[{"start":{"line":127,"column":28},"end":{"line":127,"column":67}},{"start":{"line":127,"column":71},"end":{"line":127,"column":93}}]},"17":{"loc":{"start":{"line":128,"column":10},"end":{"line":130,"column":null}},"type":"if","locations":[{"start":{"line":128,"column":10},"end":{"line":130,"column":null}}]},"18":{"loc":{"start":{"line":136,"column":4},"end":{"line":138,"column":null}},"type":"if","locations":[{"start":{"line":136,"column":4},"end":{"line":138,"column":null}}]}},"s":{"0":19,"1":19,"2":171,"3":171,"4":171,"5":171,"6":1,"7":170,"8":19,"9":19,"10":19,"11":19,"12":19,"13":48,"14":19,"15":4,"16":21,"17":25,"18":23,"19":26,"20":23,"21":23,"22":23,"23":19,"24":25,"25":25,"26":172,"27":172,"28":3,"29":172,"30":1,"31":171,"32":171,"33":171,"34":1,"35":170,"36":1,"37":169,"38":25,"39":25,"40":170,"41":170,"42":170,"43":1,"44":169,"45":13,"46":2,"47":6,"48":6,"49":6,"50":6,"51":6,"52":11,"53":21,"54":21,"55":21,"56":4,"57":4,"58":4,"59":10,"60":8,"61":10,"62":10,"63":8,"64":8,"65":8,"66":8,"67":6,"68":8,"69":10,"70":4,"71":4,"72":4,"73":29,"74":5},"f":{"0":19,"1":171,"2":48,"3":4,"4":21,"5":25,"6":23,"7":26,"8":23,"9":23,"10":23,"11":19,"12":25,"13":172,"14":3,"15":25,"16":170,"17":13,"18":6,"19":6,"20":6,"21":6,"22":6,"23":21,"24":4,"25":10,"26":8,"27":10,"28":29},"b":{"0":[171,169],"1":[168,3],"2":[171,169],"3":[1],"4":[5,14],"5":[19,13],"6":[19,15],"7":[46,2],"8":[2,170],"9":[1],"10":[1],"11":[1],"12":[170,144],"13":[1],"14":[2],"15":[8],"16":[8,8],"17":[6],"18":[4]}}
,"/Volumes/apps/github/progress-bar/src/lib/bar.ts": {"path":"/Volumes/apps/github/progress-bar/src/lib/bar.ts","statementMap":{"0":{"start":{"line":1,"column":0},"end":{"line":1,"column":55}},"1":{"start":{"line":18,"column":14},"end":{"line":18,"column":36}},"2":{"start":{"line":19,"column":14},"end":{"line":19,"column":32}},"3":{"start":{"line":12,"column":12},"end":{"line":12,"column":35}},"4":{"start":{"line":13,"column":12},"end":{"line":13,"column":30}},"5":{"start":{"line":14,"column":12},"end":{"line":14,"column":53}},"6":{"start":{"line":80,"column":12},"end":{"line":90,"column":null}},"7":{"start":{"line":81,"column":4},"end":{"line":83,"column":null}},"8":{"start":{"line":82,"column":6},"end":{"line":82,"column":13}},"9":{"start":{"line":84,"column":4},"end":{"line":89,"column":null}},"10":{"start":{"line":85,"column":6},"end":{"line":88,"column":37}},"11":{"start":{"line":86,"column":8},"end":{"line":86,"column":31}},"12":{"start":{"line":87,"column":8},"end":{"line":87,"column":22}},"13":{"start":{"line":21,"column":4},"end":{"line":24,"column":6}},"14":{"start":{"line":28,"column":4},"end":{"line":28,"column":null}},"15":{"start":{"line":29,"column":4},"end":{"line":31,"column":null}},"16":{"start":{"line":30,"column":6},"end":{"line":30,"column":null}},"17":{"start":{"line":32,"column":4},"end":{"line":32,"column":16}},"18":{"start":{"line":36,"column":4},"end":{"line":38,"column":null}},"19":{"start":{"line":37,"column":14},"end":{"line":37,"column":60}},"20":{"start":{"line":37,"column":46},"end":{"line":37,"column":59}},"21":{"start":{"line":39,"column":4},"end":{"line":39,"column":19}},"22":{"start":{"line":43,"column":18},"end":{"line":45,"column":6}},"23":{"start":{"line":44,"column":6},"end":{"line":44,"column":26}},"24":{"start":{"line":46,"column":4},"end":{"line":46,"column":49}},"25":{"start":{"line":50,"column":4},"end":{"line":50,"column":26}},"26":{"start":{"line":51,"column":4},"end":{"line":51,"column":18}},"27":{"start":{"line":52,"column":4},"end":{"line":52,"column":28}},"28":{"start":{"line":56,"column":4},"end":{"line":56,"column":26}},"29":{"start":{"line":57,"column":4},"end":{"line":57,"column":null}},"30":{"start":{"line":57,"column":31},"end":{"line":57,"column":63}},"31":{"start":{"line":58,"column":4},"end":{"line":58,"column":18}},"32":{"start":{"line":62,"column":4},"end":{"line":62,"column":73}},"33":{"start":{"line":62,"column":31},"end":{"line":62,"column":71}},"34":{"start":{"line":63,"column":4},"end":{"line":63,"column":33}},"35":{"start":{"line":64,"column":4},"end":{"line":64,"column":27}},"36":{"start":{"line":65,"column":4},"end":{"line":65,"column":27}},"37":{"start":{"line":69,"column":4},"end":{"line":71,"column":7}},"38":{"start":{"line":70,"column":6},"end":{"line":70,"column":42}},"39":{"start":{"line":75,"column":4},"end":{"line":77,"column":7}},"40":{"start":{"line":76,"column":7},"end":{"line":76,"column":80}},"41":{"start":{"line":11,"column":0},"end":{"line":11,"column":13}}},"fnMap":{"0":{"name":"(anonymous_0)","decl":{"start":{"line":17,"column":2},"end":{"line":17,"column":null}},"loc":{"start":{"line":19,"column":32},"end":{"line":25,"column":3}}},"1":{"name":"(anonymous_1)","decl":{"start":{"line":80,"column":22},"end":{"line":80,"column":25}},"loc":{"start":{"line":80,"column":27},"end":{"line":90,"column":3}}},"2":{"name":"(anonymous_2)","decl":{"start":{"line":84,"column":34},"end":{"line":84,"column":41}},"loc":{"start":{"line":84,"column":44},"end":{"line":89,"column":5}}},"3":{"name":"(anonymous_3)","decl":{"start":{"line":85,"column":34},"end":{"line":85,"column":37}},"loc":{"start":{"line":85,"column":39},"end":{"line":88,"column":7}}},"4":{"name":"(anonymous_4)","decl":{"start":{"line":27,"column":9},"end":{"line":27,"column":12}},"loc":{"start":{"line":27,"column":26},"end":{"line":33,"column":3}}},"5":{"name":"(anonymous_5)","decl":{"start":{"line":35,"column":9},"end":{"line":35,"column":25}},"loc":{"start":{"line":35,"column":45},"end":{"line":40,"column":3}}},"6":{"name":"(anonymous_6)","decl":{"start":{"line":37,"column":6},"end":{"line":37,"column":10}},"loc":{"start":{"line":37,"column":14},"end":{"line":37,"column":60}}},"7":{"name":"(anonymous_7)","decl":{"start":{"line":37,"column":41},"end":{"line":37,"column":42}},"loc":{"start":{"line":37,"column":46},"end":{"line":37,"column":59}}},"8":{"name":"(anonymous_8)","decl":{"start":{"line":42,"column":9},"end":{"line":42,"column":15}},"loc":{"start":{"line":42,"column":15},"end":{"line":47,"column":3}}},"9":{"name":"(anonymous_9)","decl":{"start":{"line":43,"column":34},"end":{"line":43,"column":37}},"loc":{"start":{"line":43,"column":40},"end":{"line":45,"column":5}}},"10":{"name":"(anonymous_10)","decl":{"start":{"line":49,"column":9},"end":{"line":49,"column":16}},"loc":{"start":{"line":49,"column":40},"end":{"line":53,"column":3}}},"11":{"name":"(anonymous_11)","decl":{"start":{"line":55,"column":9},"end":{"line":55,"column":14}},"loc":{"start":{"line":55,"column":14},"end":{"line":59,"column":3}}},"12":{"name":"(anonymous_12)","decl":{"start":{"line":57,"column":23},"end":{"line":57,"column":27}},"loc":{"start":{"line":57,"column":31},"end":{"line":57,"column":63}}},"13":{"name":"(anonymous_13)","decl":{"start":{"line":61,"column":9},"end":{"line":61,"column":13}},"loc":{"start":{"line":61,"column":13},"end":{"line":66,"column":3}}},"14":{"name":"(anonymous_14)","decl":{"start":{"line":62,"column":23},"end":{"line":62,"column":27}},"loc":{"start":{"line":62,"column":31},"end":{"line":62,"column":71}}},"15":{"name":"(anonymous_15)","decl":{"start":{"line":68,"column":12},"end":{"line":68,"column":33}},"loc":{"start":{"line":68,"column":48},"end":{"line":72,"column":3}}},"16":{"name":"(anonymous_16)","decl":{"start":{"line":69,"column":33},"end":{"line":69,"column":41}},"loc":{"start":{"line":69,"column":44},"end":{"line":71,"column":5}}},"17":{"name":"(anonymous_17)","decl":{"start":{"line":74,"column":12},"end":{"line":74,"column":41}},"loc":{"start":{"line":74,"column":56},"end":{"line":78,"column":3}}},"18":{"name":"(anonymous_18)","decl":{"start":{"line":75,"column":33},"end":{"line":75,"column":41}},"loc":{"start":{"line":75,"column":44},"end":{"line":77,"column":5}}}},"branchMap":{"0":{"loc":{"start":{"line":18,"column":14},"end":{"line":18,"column":53}},"type":"default-arg","locations":[{"start":{"line":18,"column":36},"end":{"line":18,"column":53}}]},"1":{"loc":{"start":{"line":81,"column":4},"end":{"line":83,"column":null}},"type":"if","locations":[{"start":{"line":81,"column":4},"end":{"line":83,"column":null}}]},"2":{"loc":{"start":{"line":81,"column":8},"end":{"line":81,"column":42}},"type":"binary-expr","locations":[{"start":{"line":81,"column":8},"end":{"line":81,"column":23}},{"start":{"line":81,"column":27},"end":{"line":81,"column":42}}]},"3":{"loc":{"start":{"line":29,"column":4},"end":{"line":31,"column":null}},"type":"if","locations":[{"start":{"line":29,"column":4},"end":{"line":31,"column":null}}]}},"s":{"0":5,"1":7,"2":7,"3":7,"4":7,"5":7,"6":7,"7":9,"8":2,"9":7,"10":7,"11":7,"12":7,"13":7,"14":8,"15":8,"16":1,"17":8,"18":1,"19":2,"20":2,"21":1,"22":13,"23":16,"24":13,"25":1,"26":1,"27":1,"28":6,"29":6,"30":7,"31":6,"32":6,"33":7,"34":6,"35":6,"36":6,"37":8,"38":8,"39":7,"40":7,"41":5},"f":{"0":7,"1":9,"2":7,"3":7,"4":8,"5":1,"6":2,"7":2,"8":13,"9":16,"10":1,"11":6,"12":7,"13":6,"14":7,"15":8,"16":8,"17":7,"18":7},"b":{"0":[1],"1":[2],"2":[9,9],"3":[1]}}
,"/Volumes/apps/github/progress-bar/src/lib/eta.ts": {"path":"/Volumes/apps/github/progress-bar/src/lib/eta.ts","statementMap":{"0":{"start":{"line":3,"column":34},"end":{"line":6,"column":null}},"1":{"start":{"line":32,"column":12},"end":{"line":32,"column":29}},"2":{"start":{"line":39,"column":4},"end":{"line":42,"column":6}},"3":{"start":{"line":43,"column":4},"end":{"line":43,"column":16}},"4":{"start":{"line":47,"column":4},"end":{"line":47,"column":18}},"5":{"start":{"line":48,"column":17},"end":{"line":48,"column":31}},"6":{"start":{"line":49,"column":4},"end":{"line":49,"column":26}},"7":{"start":{"line":50,"column":4},"end":{"line":50,"column":21}},"8":{"start":{"line":51,"column":4},"end":{"line":51,"column":22}},"9":{"start":{"line":52,"column":4},"end":{"line":52,"column":32}},"10":{"start":{"line":53,"column":4},"end":{"line":53,"column":24}},"11":{"start":{"line":54,"column":4},"end":{"line":54,"column":16}},"12":{"start":{"line":58,"column":4},"end":{"line":58,"column":30}},"13":{"start":{"line":59,"column":4},"end":{"line":59,"column":30}},"14":{"start":{"line":60,"column":20},"end":{"line":63,"column":6}},"15":{"start":{"line":64,"column":4},"end":{"line":66,"column":null}},"16":{"start":{"line":65,"column":6},"end":{"line":65,"column":26}},"17":{"start":{"line":67,"column":4},"end":{"line":67,"column":23}},"18":{"start":{"line":68,"column":4},"end":{"line":68,"column":16}},"19":{"start":{"line":72,"column":4},"end":{"line":72,"column":35}},"20":{"start":{"line":72,"column":24},"end":{"line":72,"column":35}},"21":{"start":{"line":73,"column":4},"end":{"line":73,"column":21}},"22":{"start":{"line":74,"column":4},"end":{"line":74,"column":20}},"23":{"start":{"line":78,"column":4},"end":{"line":78,"column":35}},"24":{"start":{"line":78,"column":24},"end":{"line":78,"column":35}},"25":{"start":{"line":79,"column":4},"end":{"line":79,"column":22}},"26":{"start":{"line":83,"column":4},"end":{"line":83,"column":26}},"27":{"start":{"line":84,"column":4},"end":{"line":84,"column":25}},"28":{"start":{"line":88,"column":18},"end":{"line":88,"column":33}},"29":{"start":{"line":89,"column":4},"end":{"line":91,"column":null}},"30":{"start":{"line":90,"column":6},"end":{"line":90,"column":21}},"31":{"start":{"line":92,"column":4},"end":{"line":92,"column":45}},"32":{"start":{"line":96,"column":4},"end":{"line":98,"column":null}},"33":{"start":{"line":97,"column":6},"end":{"line":97,"column":27}},"34":{"start":{"line":99,"column":4},"end":{"line":99,"column":50}},"35":{"start":{"line":103,"column":14},"end":{"line":103,"column":15}},"36":{"start":{"line":104,"column":16},"end":{"line":104,"column":17}},"37":{"start":{"line":105,"column":4},"end":{"line":109,"column":7}},"38":{"start":{"line":106,"column":16},"end":{"line":106,"column":46}},"39":{"start":{"line":107,"column":6},"end":{"line":107,"column":19}},"40":{"start":{"line":108,"column":6},"end":{"line":108,"column":17}},"41":{"start":{"line":110,"column":18},"end":{"line":110,"column":29}},"42":{"start":{"line":111,"column":22},"end":{"line":111,"column":63}},"43":{"start":{"line":112,"column":14},"end":{"line":112,"column":31}},"44":{"start":{"line":113,"column":21},"end":{"line":113,"column":41}},"45":{"start":{"line":114,"column":4},"end":{"line":116,"column":null}},"46":{"start":{"line":115,"column":6},"end":{"line":115,"column":25}},"47":{"start":{"line":121,"column":24},"end":{"line":121,"column":48}},"48":{"start":{"line":123,"column":4},"end":{"line":125,"column":null}},"49":{"start":{"line":124,"column":6},"end":{"line":124,"column":19}},"50":{"start":{"line":126,"column":18},"end":{"line":126,"column":67}},"51":{"start":{"line":127,"column":4},"end":{"line":127,"column":33}},"52":{"start":{"line":128,"column":4},"end":{"line":130,"column":null}},"53":{"start":{"line":129,"column":6},"end":{"line":129,"column":31}},"54":{"start":{"line":131,"column":4},"end":{"line":131,"column":16}},"55":{"start":{"line":135,"column":17},"end":{"line":135,"column":27}},"56":{"start":{"line":136,"column":4},"end":{"line":136,"column":16}},"57":{"start":{"line":27,"column":0},"end":{"line":27,"column":13}}},"fnMap":{"0":{"name":"(anonymous_0)","decl":{"start":{"line":38,"column":2},"end":{"line":38,"column":21}},"loc":{"start":{"line":38,"column":40},"end":{"line":44,"column":3}}},"1":{"name":"(anonymous_1)","decl":{"start":{"line":46,"column":9},"end":{"line":46,"column":12}},"loc":{"start":{"line":46,"column":26},"end":{"line":55,"column":3}}},"2":{"name":"(anonymous_2)","decl":{"start":{"line":57,"column":9},"end":{"line":57,"column":15}},"loc":{"start":{"line":57,"column":44},"end":{"line":69,"column":3}}},"3":{"name":"(anonymous_3)","decl":{"start":{"line":71,"column":9},"end":{"line":71,"column":16}},"loc":{"start":{"line":71,"column":16},"end":{"line":75,"column":3}}},"4":{"name":"(anonymous_4)","decl":{"start":{"line":77,"column":9},"end":{"line":77,"column":17}},"loc":{"start":{"line":77,"column":17},"end":{"line":80,"column":3}}},"5":{"name":"(anonymous_5)","decl":{"start":{"line":82,"column":9},"end":{"line":82,"column":22}},"loc":{"start":{"line":82,"column":22},"end":{"line":85,"column":3}}},"6":{"name":"(anonymous_6)","decl":{"start":{"line":87,"column":12},"end":{"line":87,"column":21}},"loc":{"start":{"line":87,"column":21},"end":{"line":93,"column":3}}},"7":{"name":"(anonymous_7)","decl":{"start":{"line":95,"column":12},"end":{"line":95,"column":26}},"loc":{"start":{"line":95,"column":40},"end":{"line":100,"column":3}}},"8":{"name":"(anonymous_8)","decl":{"start":{"line":102,"column":12},"end":{"line":102,"column":23}},"loc":{"start":{"line":102,"column":23},"end":{"line":117,"column":3}}},"9":{"name":"(anonymous_9)","decl":{"start":{"line":105,"column":29},"end":{"line":105,"column":30}},"loc":{"start":{"line":105,"column":38},"end":{"line":109,"column":5}}},"10":{"name":"(anonymous_10)","decl":{"start":{"line":120,"column":12},"end":{"line":120,"column":30}},"loc":{"start":{"line":120,"column":110},"end":{"line":132,"column":3}}},"11":{"name":"(anonymous_11)","decl":{"start":{"line":134,"column":12},"end":{"line":134,"column":19}},"loc":{"start":{"line":134,"column":19},"end":{"line":137,"column":3}}}},"branchMap":{"0":{"loc":{"start":{"line":64,"column":4},"end":{"line":66,"column":null}},"type":"if","locations":[{"start":{"line":64,"column":4},"end":{"line":66,"column":null}}]},"1":{"loc":{"start":{"line":72,"column":4},"end":{"line":72,"column":35}},"type":"if","locations":[{"start":{"line":72,"column":4},"end":{"line":72,"column":35}}]},"2":{"loc":{"start":{"line":78,"column":4},"end":{"line":78,"column":35}},"type":"if","locations":[{"start":{"line":78,"column":4},"end":{"line":78,"column":35}}]},"3":{"loc":{"start":{"line":89,"column":4},"end":{"line":91,"column":null}},"type":"if","locations":[{"start":{"line":89,"column":4},"end":{"line":91,"column":null}}]},"4":{"loc":{"start":{"line":89,"column":8},"end":{"line":89,"column":42}},"type":"binary-expr","locations":[{"start":{"line":89,"column":8},"end":{"line":89,"column":27}},{"start":{"line":89,"column":31},"end":{"line":89,"column":42}}]},"5":{"loc":{"start":{"line":95,"column":27},"end":{"line":95,"column":40}},"type":"default-arg","locations":[{"start":{"line":95,"column":35},"end":{"line":95,"column":40}}]},"6":{"loc":{"start":{"line":96,"column":4},"end":{"line":98,"column":null}},"type":"if","locations":[{"start":{"line":96,"column":4},"end":{"line":98,"column":null}}]},"7":{"loc":{"start":{"line":96,"column":8},"end":{"line":96,"column":32}},"type":"binary-expr","locations":[{"start":{"line":96,"column":8},"end":{"line":96,"column":14}},{"start":{"line":96,"column":18},"end":{"line":96,"column":32}}]},"8":{"loc":{"start":{"line":111,"column":22},"end":{"line":111,"column":63}},"type":"cond-expr","locations":[{"start":{"line":111,"column":49},"end":{"line":111,"column":50}},{"start":{"line":111,"column":53},"end":{"line":111,"column":63}}]},"9":{"loc":{"start":{"line":114,"column":4},"end":{"line":116,"column":null}},"type":"if","locations":[{"start":{"line":114,"column":4},"end":{"line":116,"column":null}}]},"10":{"loc":{"start":{"line":114,"column":8},"end":{"line":114,"column":53}},"type":"binary-expr","locations":[{"start":{"line":114,"column":8},"end":{"line":114,"column":13}},{"start":{"line":114,"column":17},"end":{"line":114,"column":33}},{"start":{"line":114,"column":37},"end":{"line":114,"column":53}}]},"11":{"loc":{"start":{"line":123,"column":4},"end":{"line":125,"column":null}},"type":"if","locations":[{"start":{"line":123,"column":4},"end":{"line":125,"column":null}}]},"12":{"loc":{"start":{"line":123,"column":8},"end":{"line":123,"column":45}},"type":"binary-expr","locations":[{"start":{"line":123,"column":8},"end":{"line":123,"column":25}},{"start":{"line":123,"column":30},"end":{"line":123,"column":44}}]},"13":{"loc":{"start":{"line":128,"column":4},"end":{"line":130,"column":null}},"type":"if","locations":[{"start":{"line":128,"column":4},"end":{"line":130,"column":null}}]}},"s":{"0":5,"1":54,"2":54,"3":54,"4":63,"5":63,"6":63,"7":63,"8":63,"9":63,"10":63,"11":63,"12":64,"13":64,"14":64,"15":64,"16":31,"17":64,"18":64,"19":59,"20":16,"21":43,"22":43,"23":105,"24":18,"25":87,"26":63,"27":63,"28":43,"29":43,"30":13,"31":43,"32":127,"33":21,"34":106,"35":64,"36":64,"37":64,"38":87,"39":87,"40":87,"41":64,"42":64,"43":64,"44":64,"45":64,"46":29,"47":64,"48":64,"49":33,"50":31,"51":31,"52":31,"53":13,"54":31,"55":124,"56":124,"57":5},"f":{"0":54,"1":63,"2":64,"3":59,"4":105,"5":63,"6":43,"7":127,"8":64,"9":87,"10":64,"11":124},"b":{"0":[31],"1":[16],"2":[18],"3":[13],"4":[43,30],"5":[63],"6":[21],"7":[127,63],"8":[35,29],"9":[29],"10":[64,25,39],"11":[33],"12":[64,38],"13":[13]}}
,"/Volumes/apps/github/progress-bar/src/lib/presets.ts": {"path":"/Volumes/apps/github/progress-bar/src/lib/presets.ts","statementMap":{"0":{"start":{"line":1,"column":13},"end":{"line":5,"column":null}}},"fnMap":{},"branchMap":{},"s":{"0":5},"f":{},"b":{}}
,"/Volumes/apps/github/progress-bar/src/lib/progress.ts": {"path":"/Volumes/apps/github/progress-bar/src/lib/progress.ts","statementMap":{"0":{"start":{"line":1,"column":0},"end":{"line":1,"column":39}},"1":{"start":{"line":4,"column":0},"end":{"line":4,"column":28}},"2":{"start":{"line":14,"column":18},"end":{"line":14,"column":61}},"3":{"start":{"line":22,"column":4},"end":{"line":22,"column":26}},"4":{"start":{"line":23,"column":4},"end":{"line":23,"column":35}},"5":{"start":{"line":24,"column":4},"end":{"line":24,"column":30}},"6":{"start":{"line":25,"column":4},"end":{"line":25,"column":39}},"7":{"start":{"line":26,"column":4},"end":{"line":26,"column":27}},"8":{"start":{"line":30,"column":4},"end":{"line":30,"column":52}},"9":{"start":{"line":34,"column":4},"end":{"line":34,"column":23}},"10":{"start":{"line":35,"column":4},"end":{"line":35,"column":27}},"11":{"start":{"line":36,"column":4},"end":{"line":36,"column":24}},"12":{"start":{"line":37,"column":4},"end":{"line":37,"column":16}},"13":{"start":{"line":41,"column":4},"end":{"line":41,"column":36}},"14":{"start":{"line":42,"column":4},"end":{"line":42,"column":16}},"15":{"start":{"line":46,"column":26},"end":{"line":56,"column":null}},"16":{"start":{"line":57,"column":4},"end":{"line":57,"column":47}},"17":{"start":{"line":58,"column":4},"end":{"line":58,"column":39}},"18":{"start":{"line":59,"column":4},"end":{"line":59,"column":23}},"19":{"start":{"line":60,"column":4},"end":{"line":60,"column":66}},"20":{"start":{"line":61,"column":4},"end":{"line":61,"column":16}},"21":{"start":{"line":65,"column":4},"end":{"line":65,"column":22}},"22":{"start":{"line":69,"column":4},"end":{"line":69,"column":22}},"23":{"start":{"line":73,"column":4},"end":{"line":73,"column":24}},"24":{"start":{"line":77,"column":21},"end":{"line":77,"column":44}},"25":{"start":{"line":78,"column":4},"end":{"line":78,"column":39}},"26":{"start":{"line":82,"column":4},"end":{"line":82,"column":20}},"27":{"start":{"line":86,"column":4},"end":{"line":86,"column":20}},"28":{"start":{"line":13,"column":0},"end":{"line":13,"column":13}}},"fnMap":{"0":{"name":"(anonymous_0)","decl":{"start":{"line":21,"column":2},"end":{"line":21,"column":21}},"loc":{"start":{"line":21,"column":82},"end":{"line":27,"column":3}}},"1":{"name":"(anonymous_1)","decl":{"start":{"line":29,"column":9},"end":{"line":29,"column":18}},"loc":{"start":{"line":29,"column":51},"end":{"line":31,"column":3}}},"2":{"name":"(anonymous_2)","decl":{"start":{"line":33,"column":9},"end":{"line":33,"column":12}},"loc":{"start":{"line":33,"column":64},"end":{"line":38,"column":3}}},"3":{"name":"(anonymous_3)","decl":{"start":{"line":40,"column":9},"end":{"line":40,"column":11}},"loc":{"start":{"line":40,"column":63},"end":{"line":43,"column":3}}},"4":{"name":"(anonymous_4)","decl":{"start":{"line":45,"column":12},"end":{"line":45,"column":18}},"loc":{"start":{"line":45,"column":47},"end":{"line":62,"column":3}}},"5":{"name":"(anonymous_5)","decl":{"start":{"line":64,"column":9},"end":{"line":64,"column":17}},"loc":{"start":{"line":64,"column":17},"end":{"line":66,"column":3}}},"6":{"name":"(anonymous_6)","decl":{"start":{"line":68,"column":9},"end":{"line":68,"column":17}},"loc":{"start":{"line":68,"column":17},"end":{"line":70,"column":3}}},"7":{"name":"(anonymous_7)","decl":{"start":{"line":72,"column":9},"end":{"line":72,"column":19}},"loc":{"start":{"line":72,"column":19},"end":{"line":74,"column":3}}},"8":{"name":"(anonymous_8)","decl":{"start":{"line":76,"column":9},"end":{"line":76,"column":20}},"loc":{"start":{"line":76,"column":20},"end":{"line":79,"column":3}}},"9":{"name":"(anonymous_9)","decl":{"start":{"line":81,"column":9},"end":{"line":81,"column":15}},"loc":{"start":{"line":81,"column":15},"end":{"line":83,"column":3}}},"10":{"name":"(anonymous_10)","decl":{"start":{"line":85,"column":9},"end":{"line":85,"column":15}},"loc":{"start":{"line":85,"column":15},"end":{"line":87,"column":3}}}},"branchMap":{"0":{"loc":{"start":{"line":21,"column":46},"end":{"line":21,"column":82}},"type":"default-arg","locations":[{"start":{"line":21,"column":80},"end":{"line":21,"column":82}}]},"1":{"loc":{"start":{"line":23,"column":17},"end":{"line":23,"column":34}},"type":"binary-expr","locations":[{"start":{"line":23,"column":17},"end":{"line":23,"column":29}},{"start":{"line":23,"column":33},"end":{"line":23,"column":34}}]},"2":{"loc":{"start":{"line":25,"column":15},"end":{"line":25,"column":38}},"type":"binary-expr","locations":[{"start":{"line":25,"column":15},"end":{"line":25,"column":25}},{"start":{"line":25,"column":29},"end":{"line":25,"column":38}}]},"3":{"loc":{"start":{"line":29,"column":19},"end":{"line":29,"column":36}},"type":"default-arg","locations":[{"start":{"line":29,"column":35},"end":{"line":29,"column":36}}]},"4":{"loc":{"start":{"line":33,"column":28},"end":{"line":33,"column":64}},"type":"default-arg","locations":[{"start":{"line":33,"column":62},"end":{"line":33,"column":64}}]},"5":{"loc":{"start":{"line":60,"column":19},"end":{"line":60,"column":65}},"type":"cond-expr","locations":[{"start":{"line":60,"column":43},"end":{"line":60,"column":50}},{"start":{"line":60,"column":53},"end":{"line":60,"column":65}}]},"6":{"loc":{"start":{"line":78,"column":11},"end":{"line":78,"column":38}},"type":"cond-expr","locations":[{"start":{"line":78,"column":26},"end":{"line":78,"column":27}},{"start":{"line":78,"column":30},"end":{"line":78,"column":38}}]}},"s":{"0":5,"1":5,"2":37,"3":37,"4":37,"5":37,"6":37,"7":37,"8":25,"9":2,"10":2,"11":2,"12":2,"13":9,"14":9,"15":25,"16":25,"17":25,"18":25,"19":25,"20":25,"21":24,"22":29,"23":181,"24":59,"25":59,"26":13,"27":72,"28":5},"f":{"0":37,"1":25,"2":2,"3":9,"4":25,"5":24,"6":29,"7":181,"8":59,"9":13,"10":72},"b":{"0":[32],"1":[37,26],"2":[37,35],"3":[12],"4":[1],"5":[2,23],"6":[1,58]}}
,"/Volumes/apps/github/progress-bar/src/lib/terminals/terminal-tty.ts": {"path":"/Volumes/apps/github/progress-bar/src/lib/terminals/terminal-tty.ts","statementMap":{"0":{"start":{"line":1,"column":0},"end":{"line":1,"column":37}},"1":{"start":{"line":10,"column":14},"end":{"line":10,"column":36}},"2":{"start":{"line":6,"column":12},"end":{"line":6,"column":18}},"3":{"start":{"line":7,"column":12},"end":{"line":7,"column":22}},"4":{"start":{"line":12,"column":4},"end":{"line":15,"column":7}},"5":{"start":{"line":13,"column":6},"end":{"line":13,"column":19}},"6":{"start":{"line":14,"column":6},"end":{"line":14,"column":21}},"7":{"start":{"line":19,"column":4},"end":{"line":23,"column":null}},"8":{"start":{"line":20,"column":6},"end":{"line":20,"column":37}},"9":{"start":{"line":22,"column":6},"end":{"line":22,"column":37}},"10":{"start":{"line":27,"column":4},"end":{"line":27,"column":48}},"11":{"start":{"line":28,"column":4},"end":{"line":28,"column":38}},"12":{"start":{"line":32,"column":18},"end":{"line":32,"column":31}},"13":{"start":{"line":33,"column":4},"end":{"line":33,"column":23}},"14":{"start":{"line":34,"column":4},"end":{"line":34,"column":29}},"15":{"start":{"line":35,"column":22},"end":{"line":35,"column":66}},"16":{"start":{"line":36,"column":4},"end":{"line":45,"column":7}},"17":{"start":{"line":37,"column":6},"end":{"line":39,"column":null}},"18":{"start":{"line":38,"column":8},"end":{"line":38,"column":15}},"19":{"start":{"line":40,"column":6},"end":{"line":40,"column":61}},"20":{"start":{"line":41,"column":6},"end":{"line":41,"column":41}},"21":{"start":{"line":42,"column":6},"end":{"line":44,"column":null}},"22":{"start":{"line":43,"column":8},"end":{"line":43,"column":32}},"23":{"start":{"line":46,"column":4},"end":{"line":46,"column":42}},"24":{"start":{"line":47,"column":4},"end":{"line":47,"column":22}},"25":{"start":{"line":48,"column":4},"end":{"line":48,"column":23}},"26":{"start":{"line":49,"column":4},"end":{"line":49,"column":18}},"27":{"start":{"line":53,"column":4},"end":{"line":53,"column":29}},"28":{"start":{"line":54,"column":4},"end":{"line":54,"column":42}},"29":{"start":{"line":55,"column":4},"end":{"line":55,"column":39}},"30":{"start":{"line":56,"column":4},"end":{"line":56,"column":15}},"31":{"start":{"line":60,"column":4},"end":{"line":60,"column":26}},"32":{"start":{"line":5,"column":0},"end":{"line":5,"column":13}}},"fnMap":{"0":{"name":"(anonymous_0)","decl":{"start":{"line":9,"column":2},"end":{"line":9,"column":null}},"loc":{"start":{"line":10,"column":50},"end":{"line":16,"column":3}}},"1":{"name":"(anonymous_1)","decl":{"start":{"line":12,"column":24},"end":{"line":12,"column":27}},"loc":{"start":{"line":12,"column":29},"end":{"line":15,"column":5}}},"2":{"name":"(anonymous_2)","decl":{"start":{"line":18,"column":9},"end":{"line":18,"column":15}},"loc":{"start":{"line":18,"column":32},"end":{"line":24,"column":3}}},"3":{"name":"(anonymous_3)","decl":{"start":{"line":26,"column":9},"end":{"line":26,"column":20}},"loc":{"start":{"line":26,"column":34},"end":{"line":29,"column":3}}},"4":{"name":"(anonymous_4)","decl":{"start":{"line":31,"column":9},"end":{"line":31,"column":14}},"loc":{"start":{"line":31,"column":24},"end":{"line":50,"column":3}}},"5":{"name":"(anonymous_5)","decl":{"start":{"line":36,"column":18},"end":{"line":36,"column":19}},"loc":{"start":{"line":36,"column":27},"end":{"line":45,"column":5}}},"6":{"name":"(anonymous_6)","decl":{"start":{"line":52,"column":9},"end":{"line":52,"column":14}},"loc":{"start":{"line":52,"column":14},"end":{"line":57,"column":3}}},"7":{"name":"(anonymous_7)","decl":{"start":{"line":59,"column":9},"end":{"line":59,"column":16}},"loc":{"start":{"line":59,"column":16},"end":{"line":61,"column":3}}}},"branchMap":{"0":{"loc":{"start":{"line":10,"column":14},"end":{"line":10,"column":50}},"type":"default-arg","locations":[{"start":{"line":10,"column":36},"end":{"line":10,"column":50}}]},"1":{"loc":{"start":{"line":19,"column":4},"end":{"line":23,"column":null}},"type":"if","locations":[{"start":{"line":19,"column":4},"end":{"line":23,"column":null}},{"start":{"line":21,"column":9},"end":{"line":23,"column":null}}]},"2":{"loc":{"start":{"line":37,"column":6},"end":{"line":39,"column":null}},"type":"if","locations":[{"start":{"line":37,"column":6},"end":{"line":39,"column":null}}]},"3":{"loc":{"start":{"line":42,"column":6},"end":{"line":44,"column":null}},"type":"if","locations":[{"start":{"line":42,"column":6},"end":{"line":44,"column":null}}]}},"s":{"0":5,"1":5,"2":5,"3":5,"4":5,"5":1,"6":1,"7":6,"8":3,"9":3,"10":4,"11":4,"12":3,"13":3,"14":3,"15":3,"16":3,"17":23,"18":11,"19":12,"20":12,"21":12,"22":9,"23":3,"24":3,"25":3,"26":3,"27":1,"28":1,"29":1,"30":1,"31":1,"32":5},"f":{"0":5,"1":1,"2":6,"3":4,"4":3,"5":23,"6":1,"7":1},"b":{"0":[2],"1":[3,3],"2":[11],"3":[9]}}
}
