TN:
SF:src/index.ts
FNF:0
FNH:0
DA:1,5
DA:2,5
DA:3,5
DA:4,5
DA:5,5
DA:6,5
DA:8,5
DA:9,5
DA:10,5
DA:11,5
DA:12,5
LF:11
LH:11
BRF:0
BRH:0
end_of_record
TN:
SF:src/lib/bar-item.ts
FN:33,(anonymous_0)
FN:149,(anonymous_1)
FN:38,(anonymous_2)
FN:41,(anonymous_3)
FN:42,(anonymous_4)
FN:43,(anonymous_5)
FN:44,(anonymous_6)
FN:45,(anonymous_7)
FN:46,(anonymous_8)
FN:47,(anonymous_9)
FN:48,(anonymous_10)
FN:53,(anonymous_11)
FN:57,(anonymous_12)
FN:59,(anonymous_13)
FN:61,(anonymous_14)
FN:75,(anonymous_15)
FN:77,(anonymous_16)
FN:87,(anonymous_17)
FN:90,(anonymous_18)
FN:92,(anonymous_19)
FN:94,(anonymous_20)
FN:96,(anonymous_21)
FN:98,(anonymous_22)
FN:104,(anonymous_23)
FN:111,(anonymous_24)
FN:116,(anonymous_25)
FN:121,(anonymous_26)
FN:122,(anonymous_27)
FN:142,(anonymous_28)
FNF:29
FNH:29
FNDA:19,(anonymous_0)
FNDA:171,(anonymous_1)
FNDA:48,(anonymous_2)
FNDA:4,(anonymous_3)
FNDA:21,(anonymous_4)
FNDA:25,(anonymous_5)
FNDA:23,(anonymous_6)
FNDA:26,(anonymous_7)
FNDA:23,(anonymous_8)
FNDA:23,(anonymous_9)
FNDA:23,(anonymous_10)
FNDA:19,(anonymous_11)
FNDA:25,(anonymous_12)
FNDA:172,(anonymous_13)
FNDA:3,(anonymous_14)
FNDA:25,(anonymous_15)
FNDA:170,(anonymous_16)
FNDA:13,(anonymous_17)
FNDA:6,(anonymous_18)
FNDA:6,(anonymous_19)
FNDA:6,(anonymous_20)
FNDA:6,(anonymous_21)
FNDA:6,(anonymous_22)
FNDA:21,(anonymous_23)
FNDA:4,(anonymous_24)
FNDA:10,(anonymous_25)
FNDA:8,(anonymous_26)
FNDA:10,(anonymous_27)
FNDA:29,(anonymous_28)
DA:20,5
DA:23,19
DA:34,19
DA:35,19
DA:36,19
DA:37,19
DA:38,19
DA:39,48
DA:40,19
DA:41,4
DA:42,21
DA:43,25
DA:44,23
DA:45,26
DA:46,23
DA:47,23
DA:48,23
DA:54,19
DA:58,25
DA:59,25
DA:60,172
DA:61,172
DA:62,172
DA:63,171
DA:64,171
DA:65,171
DA:66,1
DA:68,170
DA:69,1
DA:71,169
DA:76,25
DA:77,25
DA:78,170
DA:79,170
DA:80,170
DA:81,1
DA:83,169
DA:88,13
DA:89,2
DA:90,6
DA:92,6
DA:94,6
DA:96,6
DA:98,6
DA:101,11
DA:105,21
DA:106,21
DA:107,21
DA:112,4
DA:113,4
DA:115,4
DA:116,10
DA:121,8
DA:123,10
DA:124,10
DA:125,8
DA:126,8
DA:127,8
DA:128,8
DA:129,6
DA:131,8
DA:133,10
DA:136,4
DA:137,4
DA:139,4
DA:143,29
DA:149,19
DA:150,171
DA:151,171
DA:152,171
DA:153,171
DA:154,170
LF:72
LH:72
BRDA:151,0,0,171
BRDA:151,0,1,169
BRDA:152,1,0,168
BRDA:152,1,1,3
BRDA:152,2,0,171
BRDA:152,2,1,169
BRDA:153,3,0,1
BRDA:34,4,0,5
BRDA:34,4,1,14
BRDA:35,5,0,19
BRDA:35,5,1,13
BRDA:37,6,0,19
BRDA:37,6,1,15
BRDA:39,7,0,46
BRDA:39,7,1,2
BRDA:61,8,0,2
BRDA:61,8,1,170
BRDA:62,9,0,1
BRDA:65,10,0,1
BRDA:68,11,0,1
BRDA:78,12,0,170
BRDA:78,12,1,144
BRDA:80,13,0,1
BRDA:88,14,0,2
BRDA:124,15,0,8
BRDA:127,16,0,8
BRDA:127,16,1,8
BRDA:128,17,0,6
BRDA:136,18,0,4
BRF:29
BRH:29
end_of_record
TN:
SF:src/lib/bar.ts
FN:17,(anonymous_0)
FN:80,(anonymous_1)
FN:84,(anonymous_2)
FN:85,(anonymous_3)
FN:27,(anonymous_4)
FN:35,(anonymous_5)
FN:37,(anonymous_6)
FN:37,(anonymous_7)
FN:42,(anonymous_8)
FN:43,(anonymous_9)
FN:49,(anonymous_10)
FN:55,(anonymous_11)
FN:57,(anonymous_12)
FN:61,(anonymous_13)
FN:62,(anonymous_14)
FN:68,(anonymous_15)
FN:69,(anonymous_16)
FN:74,(anonymous_17)
FN:75,(anonymous_18)
FNF:19
FNH:19
FNDA:7,(anonymous_0)
FNDA:9,(anonymous_1)
FNDA:7,(anonymous_2)
FNDA:7,(anonymous_3)
FNDA:8,(anonymous_4)
FNDA:1,(anonymous_5)
FNDA:2,(anonymous_6)
FNDA:2,(anonymous_7)
FNDA:13,(anonymous_8)
FNDA:16,(anonymous_9)
FNDA:1,(anonymous_10)
FNDA:6,(anonymous_11)
FNDA:7,(anonymous_12)
FNDA:6,(anonymous_13)
FNDA:7,(anonymous_14)
FNDA:8,(anonymous_15)
FNDA:8,(anonymous_16)
FNDA:7,(anonymous_17)
FNDA:7,(anonymous_18)
DA:1,5
DA:11,5
DA:12,7
DA:13,7
DA:14,7
DA:18,7
DA:19,7
DA:21,7
DA:28,8
DA:29,8
DA:30,1
DA:32,8
DA:36,1
DA:37,2
DA:39,1
DA:43,13
DA:44,16
DA:46,13
DA:50,1
DA:51,1
DA:52,1
DA:56,6
DA:57,7
DA:58,6
DA:62,7
DA:63,6
DA:64,6
DA:65,6
DA:69,8
DA:70,8
DA:75,7
DA:76,7
DA:80,7
DA:81,9
DA:82,2
DA:84,7
DA:85,7
DA:86,7
DA:87,7
LF:39
LH:39
BRDA:18,0,0,1
BRDA:81,1,0,2
BRDA:81,2,0,9
BRDA:81,2,1,9
BRDA:29,3,0,1
BRF:5
BRH:5
end_of_record
TN:
SF:src/lib/eta.ts
FN:38,(anonymous_0)
FN:46,(anonymous_1)
FN:57,(anonymous_2)
FN:71,(anonymous_3)
FN:77,(anonymous_4)
FN:82,(anonymous_5)
FN:87,(anonymous_6)
FN:95,(anonymous_7)
FN:102,(anonymous_8)
FN:105,(anonymous_9)
FN:120,(anonymous_10)
FN:134,(anonymous_11)
FNF:12
FNH:12
FNDA:54,(anonymous_0)
FNDA:63,(anonymous_1)
FNDA:64,(anonymous_2)
FNDA:59,(anonymous_3)
FNDA:105,(anonymous_4)
FNDA:63,(anonymous_5)
FNDA:43,(anonymous_6)
FNDA:127,(anonymous_7)
FNDA:64,(anonymous_8)
FNDA:87,(anonymous_9)
FNDA:64,(anonymous_10)
FNDA:124,(anonymous_11)
DA:3,5
DA:27,5
DA:32,54
DA:39,54
DA:43,54
DA:47,63
DA:48,63
DA:49,63
DA:50,63
DA:51,63
DA:52,63
DA:53,63
DA:54,63
DA:58,64
DA:59,64
DA:60,64
DA:64,64
DA:65,31
DA:67,64
DA:68,64
DA:72,59
DA:73,43
DA:74,43
DA:78,105
DA:79,87
DA:83,63
DA:84,63
DA:88,43
DA:89,43
DA:90,13
DA:92,43
DA:96,127
DA:97,21
DA:99,106
DA:103,64
DA:104,64
DA:105,64
DA:106,87
DA:107,87
DA:108,87
DA:110,64
DA:111,64
DA:112,64
DA:113,64
DA:114,64
DA:115,29
DA:121,64
DA:123,64
DA:124,33
DA:126,31
DA:127,31
DA:128,31
DA:129,13
DA:131,31
DA:135,124
DA:136,124
LF:56
LH:56
BRDA:64,0,0,31
BRDA:72,1,0,16
BRDA:78,2,0,18
BRDA:89,3,0,13
BRDA:89,4,0,43
BRDA:89,4,1,30
BRDA:95,5,0,63
BRDA:96,6,0,21
BRDA:96,7,0,127
BRDA:96,7,1,63
BRDA:111,8,0,35
BRDA:111,8,1,29
BRDA:114,9,0,29
BRDA:114,10,0,64
BRDA:114,10,1,25
BRDA:114,10,2,39
BRDA:123,11,0,33
BRDA:123,12,0,64
BRDA:123,12,1,38
BRDA:128,13,0,13
BRF:20
BRH:20
end_of_record
TN:
SF:src/lib/presets.ts
FNF:0
FNH:0
DA:1,5
LF:1
LH:1
BRF:0
BRH:0
end_of_record
TN:
SF:src/lib/progress.ts
FN:21,(anonymous_0)
FN:29,(anonymous_1)
FN:33,(anonymous_2)
FN:40,(anonymous_3)
FN:45,(anonymous_4)
FN:64,(anonymous_5)
FN:68,(anonymous_6)
FN:72,(anonymous_7)
FN:76,(anonymous_8)
FN:81,(anonymous_9)
FN:85,(anonymous_10)
FNF:11
FNH:11
FNDA:37,(anonymous_0)
FNDA:25,(anonymous_1)
FNDA:2,(anonymous_2)
FNDA:9,(anonymous_3)
FNDA:25,(anonymous_4)
FNDA:24,(anonymous_5)
FNDA:29,(anonymous_6)
FNDA:181,(anonymous_7)
FNDA:59,(anonymous_8)
FNDA:13,(anonymous_9)
FNDA:72,(anonymous_10)
DA:1,5
DA:4,5
DA:13,5
DA:14,37
DA:22,37
DA:23,37
DA:24,37
DA:25,37
DA:26,37
DA:30,25
DA:34,2
DA:35,2
DA:36,2
DA:37,2
DA:41,9
DA:42,9
DA:46,25
DA:57,25
DA:58,25
DA:59,25
DA:60,25
DA:61,25
DA:65,24
DA:69,29
DA:73,181
DA:77,59
DA:78,59
DA:82,13
DA:86,72
LF:29
LH:29
BRDA:21,0,0,32
BRDA:23,1,0,37
BRDA:23,1,1,26
BRDA:25,2,0,37
BRDA:25,2,1,35
BRDA:29,3,0,12
BRDA:33,4,0,1
BRDA:60,5,0,2
BRDA:60,5,1,23
BRDA:78,6,0,1
BRDA:78,6,1,58
BRF:11
BRH:11
end_of_record
TN:
SF:src/lib/terminals/terminal-tty.ts
FN:9,(anonymous_0)
FN:12,(anonymous_1)
FN:18,(anonymous_2)
FN:26,(anonymous_3)
FN:31,(anonymous_4)
FN:36,(anonymous_5)
FN:52,(anonymous_6)
FN:59,(anonymous_7)
FNF:8
FNH:8
FNDA:5,(anonymous_0)
FNDA:1,(anonymous_1)
FNDA:6,(anonymous_2)
FNDA:4,(anonymous_3)
FNDA:3,(anonymous_4)
FNDA:23,(anonymous_5)
FNDA:1,(anonymous_6)
FNDA:1,(anonymous_7)
DA:1,5
DA:5,5
DA:6,5
DA:7,5
DA:10,5
DA:12,5
DA:13,1
DA:14,1
DA:19,6
DA:20,3
DA:22,3
DA:27,4
DA:28,4
DA:32,3
DA:33,3
DA:34,3
DA:35,3
DA:36,3
DA:37,23
DA:38,11
DA:40,12
DA:41,12
DA:42,12
DA:43,9
DA:46,3
DA:47,3
DA:48,3
DA:49,3
DA:53,1
DA:54,1
DA:55,1
DA:56,1
DA:60,1
LF:33
LH:33
BRDA:10,0,0,2
BRDA:19,1,0,3
BRDA:19,1,1,3
BRDA:37,2,0,11
BRDA:42,3,0,9
BRF:5
BRH:5
end_of_record
